La génération a démarré 25/10/2016 00:31:02.
     1>Projet "C:\Users\Ta Thanh Dinh\Documents\GitHub\unification\tracer_rio\tracer_rio.vcxproj" sur le nœud 2 (rebuild cible(s)).
     1>_PrepareForClean:
         Suppression du fichier "Release\tracer_rio.lastbuildstate".
       InitializeBuildStatus:
         Mise à jour de l'horodatage "Release\tracer_rio.unsuccessfulbuild".
       ClCompile:
         c:\Program Files (x86)\Microsoft Visual Studio 10.0\VC\bin\CL.exe /c /I"C:\Users\Ta Thanh Dinh\Documents\DynamoRIO-Windows-6.2.0-2\ext\include" /I"C:\Users\Ta Thanh Dinh\Documents\DynamoRIO-Windows-6.2.0-2\include" /Zi /nologo /W3 /WX- /O2 /Oi /Oy- /GL /D WIN32 /D NDEBUG /D X86_32 /D _WINDOWS /D WINDOWS /D _USRDLL /D TRACER_RIO_EXPORTS /D SHOW_RESULTS /D SHOW_SYMBOLS /D _CRT_SECURE_NO_WARNINGS /D _WINDLL /D _MBCS /Gm- /MD /GS /Gy- /fp:precise /Zc:wchar_t /Zc:forScope /Fo"Release\\" /Fd"Release\vc100.pdb" /Gd /TC /analyze- /errorReport:prompt tracer.c
         tracer.c
       Link:
         c:\Program Files (x86)\Microsoft Visual Studio 10.0\VC\bin\link.exe /ERRORREPORT:PROMPT /OUT:"C:\Users\Ta Thanh Dinh\Documents\GitHub\unification\tracer_rio\Release\tracer_rio.dll" /INCREMENTAL:NO /NOLOGO libcmt.lib "C:\Users\Ta Thanh Dinh\Documents\DynamoRIO-Windows-6.2.0-2\ext\lib32\release\drmgr.lib" "C:\Users\Ta Thanh Dinh\Documents\DynamoRIO-Windows-6.2.0-2\lib32\release\dynamorio.lib" kernel32.lib user32.lib gdi32.lib winspool.lib comdlg32.lib advapi32.lib shell32.lib ole32.lib oleaut32.lib uuid.lib odbc32.lib odbccp32.lib /NODEFAULTLIB /MANIFEST /ManifestFile:"Release\tracer_rio.dll.intermediate.manifest" /MANIFESTUAC:"level='asInvoker' uiAccess='false'" /PDB:"C:\Users\Ta Thanh Dinh\Documents\GitHub\unification\tracer_rio\Release\tracer_rio.pdb" /SUBSYSTEM:CONSOLE /OPT:REF /OPT:ICF /LTCG /TLBID:1 /DYNAMICBASE /NXCOMPAT /IMPLIB:"C:\Users\Ta Thanh Dinh\Documents\GitHub\unification\tracer_rio\Release\tracer_rio.lib" /MACHINE:X86 /DLL Release\tracer.obj
            Création de la bibliothèque C:\Users\Ta Thanh Dinh\Documents\GitHub\unification\tracer_rio\Release\tracer_rio.lib et de l'objet C:\Users\Ta Thanh Dinh\Documents\GitHub\unification\tracer_rio\Release\tracer_rio.exp
         Génération de code en cours
         Fin de la génération du code
         tracer_rio.vcxproj -> C:\Users\Ta Thanh Dinh\Documents\GitHub\unification\tracer_rio\Release\tracer_rio.dll
       Manifest:
         c:\Program Files (x86)\Microsoft SDKs\Windows\v7.0A\bin\mt.exe /nologo /verbose /outputresource:"C:\Users\Ta Thanh Dinh\Documents\GitHub\unification\tracer_rio\Release\tracer_rio.dll;#2" /manifest Release\tracer_rio.dll.intermediate.manifest
       FinalizeBuildStatus:
         Suppression du fichier "Release\tracer_rio.unsuccessfulbuild".
         Mise à jour de l'horodatage "Release\tracer_rio.lastbuildstate".
     1>Génération du projet "C:\Users\Ta Thanh Dinh\Documents\GitHub\unification\tracer_rio\tracer_rio.vcxproj" terminée (rebuild cible(s)).

La génération a réussi.

Temps écoulé 00:00:03.21
